{"level":50,"time":1735810841716,"pid":22270,"hostname":"Mahdis-MacBook-Pro.local","request":{"method":"GET","url":"http://localhost:8080/templates/1","referrer":"http://localhost:8080/swagger"},"code":"UNKNOWN","message":"match.split is not a function. (In 'match.split(\"-\")', 'match.split' is undefined)"}
{"level":50,"time":1735810861092,"pid":22270,"hostname":"Mahdis-MacBook-Pro.local","request":{"method":"GET","url":"http://localhost:8080/templates/1","referrer":"http://localhost:8080/swagger"},"code":"UNKNOWN","message":"match.toSting is not a function. (In 'match.toSting()', 'match.toSting' is undefined)"}
{"level":50,"time":1735810894266,"pid":22270,"hostname":"Mahdis-MacBook-Pro.local","request":{"method":"GET","url":"http://localhost:8080/templates/1","referrer":"http://localhost:8080/swagger"},"code":"UNKNOWN","message":"match.toSting is not a function. (In 'match.toSting()', 'match.toSting' is undefined)"}
{"level":50,"time":1735810914626,"pid":22270,"hostname":"Mahdis-MacBook-Pro.local","request":{"method":"GET","url":"http://localhost:8080/templates/1","referrer":"http://localhost:8080/swagger"},"code":"UNKNOWN","message":"match.split is not a function. (In 'match.split(\"-\")', 'match.split' is undefined)"}
{"level":50,"time":1735812903861,"pid":22270,"hostname":"Mahdis-MacBook-Pro.local","request":{"method":"GET","url":"http://localhost:8080/templates/update","referrer":"http://localhost:8080/swagger"},"code":"UNKNOWN","message":"null is not an object (evaluating 'name.match(regex)[1]')"}
{"level":50,"time":1735813126047,"pid":22270,"hostname":"Mahdis-MacBook-Pro.local","request":{"method":"GET","url":"http://localhost:8080/templates/update","referrer":"http://localhost:8080/swagger"},"code":"UNKNOWN","message":"null is not an object (evaluating 'name.match(regex)[1]')"}
{"level":50,"time":1735813179205,"pid":22270,"hostname":"Mahdis-MacBook-Pro.local","request":{"method":"GET","url":"http://localhost:8080/templates/update","referrer":"http://localhost:8080/swagger"},"code":"UNKNOWN","message":"null is not an object (evaluating 'name.match(regex)[1]')"}
{"level":50,"time":1735813210856,"pid":22270,"hostname":"Mahdis-MacBook-Pro.local","request":{"method":"GET","url":"http://localhost:8080/templates/update","referrer":"http://localhost:8080/swagger"},"code":"UNKNOWN","message":"null is not an object (evaluating 'name.match(regex)[1]')"}
{"level":50,"time":1735813232792,"pid":22270,"hostname":"Mahdis-MacBook-Pro.local","request":{"method":"GET","url":"http://localhost:8080/templates/update","referrer":"http://localhost:8080/swagger"},"code":"UNKNOWN","message":"null is not an object (evaluating 'name.match(regex)[1]')"}
{"level":50,"time":1735813269391,"pid":22270,"hostname":"Mahdis-MacBook-Pro.local","request":{"method":"GET","url":"http://localhost:8080/templates/update","referrer":"http://localhost:8080/swagger"},"code":"UNKNOWN","message":"null is not an object (evaluating 'name.match(regex)[1]')"}
{"level":50,"time":1735813275560,"pid":22270,"hostname":"Mahdis-MacBook-Pro.local","request":{"method":"GET","url":"http://localhost:8080/templates/update","referrer":"http://localhost:8080/swagger"},"code":"UNKNOWN","message":"null is not an object (evaluating 'name.match(regex)[1]')"}
{"level":50,"time":1735813315448,"pid":22270,"hostname":"Mahdis-MacBook-Pro.local","request":{"method":"GET","url":"http://localhost:8080/templates/update","referrer":"http://localhost:8080/swagger"},"code":"UNKNOWN","message":"null is not an object (evaluating 'name.match(regex)[1]')"}
{"level":50,"time":1735813316539,"pid":22270,"hostname":"Mahdis-MacBook-Pro.local","request":{"method":"GET","url":"http://localhost:8080/templates/update","referrer":"http://localhost:8080/swagger"},"code":"UNKNOWN","message":"null is not an object (evaluating 'name.match(regex)[1]')"}
{"level":50,"time":1735813534428,"pid":24972,"hostname":"Mahdis-MacBook-Pro.local","request":{"method":"GET","url":"http://localhost:8080/templates/update","referrer":"http://localhost:8080/swagger"},"code":"UNKNOWN","message":"null is not an object (evaluating 'name.match(regex)[1]')"}
{"level":50,"time":1735813574094,"pid":24972,"hostname":"Mahdis-MacBook-Pro.local","request":{"method":"GET","url":"http://localhost:8080/templates/update","referrer":"http://localhost:8080/swagger"},"code":"UNKNOWN","message":"null is not an object (evaluating 'name?.match(regex)[1]')"}
{"level":50,"time":1735813574206,"pid":24972,"hostname":"Mahdis-MacBook-Pro.local","request":{"method":"GET","url":"http://localhost:8080/templates/update","referrer":"http://localhost:8080/swagger"},"code":"UNKNOWN","message":"null is not an object (evaluating 'name?.match(regex)[1]')"}
{"level":50,"time":1735813618599,"pid":24972,"hostname":"Mahdis-MacBook-Pro.local","request":{"method":"GET","url":"http://localhost:8080/templates/update","referrer":"http://localhost:8080/swagger"},"code":"UNKNOWN","message":"null is not an object (evaluating 'name.match(regex)[1]')"}
{"level":50,"time":1735813897458,"pid":24972,"hostname":"Mahdis-MacBook-Pro.local","request":{"method":"GET","url":"http://localhost:8080/templates/update","referrer":"http://localhost:8080/swagger"},"code":"P2002","message":"\nInvalid `prisma.template.create()` invocation in\n/Users/mahdi/Project/konva-renderer/src/routes/templates.route.ts:23:52\n\n  20 const match = name.match(regex)[1] ?? \"other\";\n  21 const categories = match ? match.split(\"-\") : [];\n  22 \n→ 23 let result = await prisma.template.create(\nUnique constraint failed on the fields: (`name`)"}
{"level":50,"time":1735818189167,"pid":24972,"hostname":"Mahdis-MacBook-Pro.local","request":{"method":"GET","url":"http://localhost:8080/templates/update","referrer":"http://localhost:8080/swagger"},"code":"UNKNOWN","message":"null is not an object (evaluating 'name.match(regex)[1]')"}
{"level":50,"time":1735818192483,"pid":24972,"hostname":"Mahdis-MacBook-Pro.local","request":{"method":"GET","url":"http://localhost:8080/templates/update","referrer":"http://localhost:8080/swagger"},"code":"UNKNOWN","message":"null is not an object (evaluating 'name.match(regex)[1]')"}
{"level":50,"time":1736087516939,"pid":6293,"hostname":"Mahdis-MacBook-Pro.local","request":{"method":"POST","url":"http://localhost:8080/convert/psd","referrer":"http://localhost:8080/swagger"},"code":"ERR_INVALID_URL","message":"\"\" cannot be parsed as a URL."}
{"level":50,"time":1736105037826,"pid":8689,"hostname":"Mahdis-MacBook-Pro.local","request":{"method":"POST","url":"http://localhost:8080/convert/psd","referrer":"http://localhost:8080/swagger"},"code":"UNKNOWN","message":"child.mask.toDataURL is not a function. (In 'child.mask.toDataURL()', 'child.mask.toDataURL' is undefined)"}
{"level":50,"time":1736105085434,"pid":8689,"hostname":"Mahdis-MacBook-Pro.local","request":{"method":"POST","url":"http://localhost:8080/convert/psd","referrer":"http://localhost:8080/swagger"},"code":"UNKNOWN","message":"undefined is not an object (evaluating 'child.mask.canvas')"}
{"level":50,"time":1736105116896,"pid":8689,"hostname":"Mahdis-MacBook-Pro.local","request":{"method":"POST","url":"http://localhost:8080/convert/psd","referrer":"http://localhost:8080/swagger"},"code":"UNKNOWN","message":"undefined is not an object (evaluating 'child.mask.canvas')"}
{"level":50,"time":1736105939948,"pid":8689,"hostname":"Mahdis-MacBook-Pro.local","request":{"method":"POST","url":"http://localhost:8080/convert/psd","referrer":"http://localhost:8080/swagger"},"code":"UNKNOWN","message":"Can't find 'DOMParser' in 'globalThis', please provide it via options"}
{"level":50,"time":1736105968549,"pid":8689,"hostname":"Mahdis-MacBook-Pro.local","request":{"method":"POST","url":"http://localhost:8080/convert/psd","referrer":"http://localhost:8080/swagger"},"code":"UNKNOWN","message":"Can't find 'DOMParser' in 'globalThis', please provide it via options"}
{"level":50,"time":1736109645805,"pid":8689,"hostname":"Mahdis-MacBook-Pro.local","request":{"method":"POST","url":"http://localhost:8080/convert/psd","referrer":"http://localhost:8080/swagger"},"code":"UNKNOWN","message":"ImageTracer.imageToSvg is not a function. (In 'ImageTracer.imageToSvg(imageData)', 'ImageTracer.imageToSvg' is undefined)"}
{"level":50,"time":1736109701559,"pid":8689,"hostname":"Mahdis-MacBook-Pro.local","request":{"method":"POST","url":"http://localhost:8080/convert/psd","referrer":"http://localhost:8080/swagger"},"code":"UNKNOWN","message":"ImageTracer.imageToSvg is not a function. (In 'ImageTracer.imageToSvg(imageData)', 'ImageTracer.imageToSvg' is undefined)"}
{"level":50,"time":1736146792535,"pid":3401,"hostname":"Mahdis-MacBook-Pro.local","request":{"method":"POST","url":"http://localhost:8080/convert/psd","referrer":"http://localhost:8080/swagger"},"code":"UNKNOWN","message":"JSON.stringify cannot serialize cyclic structures."}
{"level":50,"time":1736146800984,"pid":3401,"hostname":"Mahdis-MacBook-Pro.local","request":{"method":"POST","url":"http://localhost:8080/convert/psd","referrer":"http://localhost:8080/swagger"},"code":"UNKNOWN","message":"JSON.stringify cannot serialize cyclic structures."}
{"level":50,"time":1736149778891,"pid":3401,"hostname":"Mahdis-MacBook-Pro.local","request":{"method":"POST","url":"http://localhost:8080/render","referrer":"http://localhost:8080/swagger"},"code":"UNKNOWN","message":"Image or Canvas expected"}
{"level":50,"time":1736149877228,"pid":6954,"hostname":"Mahdis-MacBook-Pro.local","request":{"method":"POST","url":"http://localhost:8080/render","referrer":"http://localhost:8080/swagger"},"code":"UNKNOWN","message":"Image or Canvas expected"}
{"level":50,"time":1736150686691,"pid":6954,"hostname":"Mahdis-MacBook-Pro.local","request":{"method":"POST","url":"http://localhost:8080/convert/psd","referrer":"http://localhost:8080/swagger"},"code":"UNKNOWN","message":"Can't find variable: axios"}
{"level":50,"time":1736152373956,"pid":6954,"hostname":"Mahdis-MacBook-Pro.local","request":{"method":"POST","url":"http://localhost:8080/convert/psd","referrer":"http://localhost:8080/swagger"},"code":"ERR_BAD_RESPONSE","message":"stream has been aborted"}
